<?xml version="1.0" encoding="UTF-8"?>
<!-- Generated by org.testng.reporters.JUnitReportReporter -->
<testsuite hostname="Allans-MacBook-Pro.local" failures="0" tests="1" name="TestCases.TESTCASE1_Login" time="12.228" errors="0" timestamp="20 Jun 2022 02:48:13 GMT" skipped="0">
  <testcase classname="TestCases.TESTCASE1_Login" name="main" time="12.228"/>
</testsuite> <!-- TestCases.TESTCASE1_Login -->
