<?xml version="1.0" encoding="UTF-8"?>
<!-- Generated by org.testng.reporters.JUnitReportReporter -->
<testsuite hostname="Allans-MacBook-Pro.local" failures="0" tests="1" name="TestCases.TESTCASE2_NavigateTo7DaysFreeTrial" time="25.674" errors="0" timestamp="20 Jun 2022 02:48:13 GMT" skipped="0">
  <testcase classname="TestCases.TESTCASE2_NavigateTo7DaysFreeTrial" name="main" time="25.674"/>
</testsuite> <!-- TestCases.TESTCASE2_NavigateTo7DaysFreeTrial -->
